<?xml version="1.0" encoding="UTF-8"?>
<testsuite xmlns:xsi="http://www.w3.org/2001/XMLSchema-instance" xsi:noNamespaceSchemaLocation="https://maven.apache.org/surefire/maven-surefire-plugin/xsd/surefire-test-report.xsd" name="com.example.HelloCommandTest" time="1.59" tests="1" errors="0" skipped="0" failures="1">
  <properties>
    <property name="java.specification.version" value="17"/>
    <property name="sun.cpu.isalist" value="amd64"/>
    <property name="sun.jnu.encoding" value="Cp1252"/>
    <property name="java.class.path" value="C:\Users\MSI\Desktop\demo\target\test-classes;C:\Users\MSI\Desktop\demo\target\classes;C:\Users\MSI\.m2\repository\io\micronaut\micronaut-inject\3.8.7\micronaut-inject-3.8.7.jar;C:\Users\MSI\.m2\repository\org\slf4j\slf4j-api\1.7.36\slf4j-api-1.7.36.jar;C:\Users\MSI\.m2\repository\javax\annotation\javax.annotation-api\1.3.2\javax.annotation-api-1.3.2.jar;C:\Users\MSI\.m2\repository\jakarta\inject\jakarta.inject-api\2.0.1\jakarta.inject-api-2.0.1.jar;C:\Users\MSI\.m2\repository\io\micronaut\micronaut-core\3.8.7\micronaut-core-3.8.7.jar;C:\Users\MSI\.m2\repository\org\yaml\snakeyaml\2.0\snakeyaml-2.0.jar;C:\Users\MSI\.m2\repository\io\micronaut\micronaut-validation\3.8.7\micronaut-validation-3.8.7.jar;C:\Users\MSI\.m2\repository\io\micronaut\micronaut-core-reactive\3.8.7\micronaut-core-reactive-3.8.7.jar;C:\Users\MSI\.m2\repository\org\reactivestreams\reactive-streams\1.0.4\reactive-streams-1.0.4.jar;C:\Users\MSI\.m2\repository\javax\validation\validation-api\2.0.1.Final\validation-api-2.0.1.Final.jar;C:\Users\MSI\.m2\repository\io\projectreactor\reactor-core\3.5.0\reactor-core-3.5.0.jar;C:\Users\MSI\.m2\repository\io\micronaut\micronaut-http-client\3.8.7\micronaut-http-client-3.8.7.jar;C:\Users\MSI\.m2\repository\io\micronaut\micronaut-runtime\3.8.7\micronaut-runtime-3.8.7.jar;C:\Users\MSI\.m2\repository\io\micronaut\micronaut-http\3.8.7\micronaut-http-3.8.7.jar;C:\Users\MSI\.m2\repository\io\micronaut\micronaut-aop\3.8.7\micronaut-aop-3.8.7.jar;C:\Users\MSI\.m2\repository\io\micronaut\micronaut-context\3.8.7\micronaut-context-3.8.7.jar;C:\Users\MSI\.m2\repository\io\micronaut\micronaut-http-client-core\3.8.7\micronaut-http-client-core-3.8.7.jar;C:\Users\MSI\.m2\repository\io\micronaut\micronaut-websocket\3.8.7\micronaut-websocket-3.8.7.jar;C:\Users\MSI\.m2\repository\io\micronaut\micronaut-http-netty\3.8.7\micronaut-http-netty-3.8.7.jar;C:\Users\MSI\.m2\repository\io\micronaut\micronaut-buffer-netty\3.8.7\micronaut-buffer-netty-3.8.7.jar;C:\Users\MSI\.m2\repository\io\netty\netty-codec-http\4.1.87.Final\netty-codec-http-4.1.87.Final.jar;C:\Users\MSI\.m2\repository\io\netty\netty-codec-http2\4.1.87.Final\netty-codec-http2-4.1.87.Final.jar;C:\Users\MSI\.m2\repository\io\netty\netty-handler\4.1.87.Final\netty-handler-4.1.87.Final.jar;C:\Users\MSI\.m2\repository\io\netty\netty-resolver\4.1.87.Final\netty-resolver-4.1.87.Final.jar;C:\Users\MSI\.m2\repository\io\netty\netty-transport-native-unix-common\4.1.87.Final\netty-transport-native-unix-common-4.1.87.Final.jar;C:\Users\MSI\.m2\repository\io\netty\netty-handler-proxy\4.1.87.Final\netty-handler-proxy-4.1.87.Final.jar;C:\Users\MSI\.m2\repository\io\netty\netty-common\4.1.87.Final\netty-common-4.1.87.Final.jar;C:\Users\MSI\.m2\repository\io\netty\netty-buffer\4.1.87.Final\netty-buffer-4.1.87.Final.jar;C:\Users\MSI\.m2\repository\io\netty\netty-transport\4.1.87.Final\netty-transport-4.1.87.Final.jar;C:\Users\MSI\.m2\repository\io\netty\netty-codec\4.1.87.Final\netty-codec-4.1.87.Final.jar;C:\Users\MSI\.m2\repository\io\netty\netty-codec-socks\4.1.87.Final\netty-codec-socks-4.1.87.Final.jar;C:\Users\MSI\.m2\repository\info\picocli\picocli\4.6.3\picocli-4.6.3.jar;C:\Users\MSI\.m2\repository\io\micronaut\micronaut-jackson-databind\3.8.7\micronaut-jackson-databind-3.8.7.jar;C:\Users\MSI\.m2\repository\io\micronaut\micronaut-jackson-core\3.8.7\micronaut-jackson-core-3.8.7.jar;C:\Users\MSI\.m2\repository\io\micronaut\micronaut-json-core\3.8.7\micronaut-json-core-3.8.7.jar;C:\Users\MSI\.m2\repository\com\fasterxml\jackson\core\jackson-core\2.14.0\jackson-core-2.14.0.jar;C:\Users\MSI\.m2\repository\com\fasterxml\jackson\core\jackson-annotations\2.14.0\jackson-annotations-2.14.0.jar;C:\Users\MSI\.m2\repository\com\fasterxml\jackson\core\jackson-databind\2.14.1\jackson-databind-2.14.1.jar;C:\Users\MSI\.m2\repository\com\fasterxml\jackson\datatype\jackson-datatype-jdk8\2.14.0\jackson-datatype-jdk8-2.14.0.jar;C:\Users\MSI\.m2\repository\com\fasterxml\jackson\datatype\jackson-datatype-jsr310\2.14.0\jackson-datatype-jsr310-2.14.0.jar;C:\Users\MSI\.m2\repository\io\micronaut\picocli\micronaut-picocli\4.3.0\micronaut-picocli-4.3.0.jar;C:\Users\MSI\.m2\repository\jakarta\annotation\jakarta.annotation-api\2.1.1\jakarta.annotation-api-2.1.1.jar;C:\Users\MSI\.m2\repository\ch\qos\logback\logback-classic\1.2.11\logback-classic-1.2.11.jar;C:\Users\MSI\.m2\repository\ch\qos\logback\logback-core\1.2.11\logback-core-1.2.11.jar;C:\Users\MSI\.m2\repository\io\micronaut\test\micronaut-test-junit5\3.8.2\micronaut-test-junit5-3.8.2.jar;C:\Users\MSI\.m2\repository\io\micronaut\test\micronaut-test-core\3.8.2\micronaut-test-core-3.8.2.jar;C:\Users\MSI\.m2\repository\org\junit\jupiter\junit-jupiter-api\5.9.1\junit-jupiter-api-5.9.1.jar;C:\Users\MSI\.m2\repository\org\opentest4j\opentest4j\1.2.0\opentest4j-1.2.0.jar;C:\Users\MSI\.m2\repository\org\junit\platform\junit-platform-commons\1.9.1\junit-platform-commons-1.9.1.jar;C:\Users\MSI\.m2\repository\org\apiguardian\apiguardian-api\1.1.2\apiguardian-api-1.1.2.jar;C:\Users\MSI\.m2\repository\org\junit\jupiter\junit-jupiter-engine\5.9.1\junit-jupiter-engine-5.9.1.jar;C:\Users\MSI\.m2\repository\org\junit\platform\junit-platform-engine\1.9.1\junit-platform-engine-1.9.1.jar;"/>
    <property name="java.vm.vendor" value="Oracle Corporation"/>
    <property name="sun.arch.data.model" value="64"/>
    <property name="user.variant" value=""/>
    <property name="java.vendor.url" value="https://java.oracle.com/"/>
    <property name="user.timezone" value="Europe/Berlin"/>
    <property name="os.name" value="Windows 10"/>
    <property name="java.vm.specification.version" value="17"/>
    <property name="sun.java.launcher" value="SUN_STANDARD"/>
    <property name="user.country" value="US"/>
    <property name="sun.boot.library.path" value="C:\Program Files\Java\jdk-17\bin"/>
    <property name="sun.java.command" value="C:\Users\MSI\AppData\Local\Temp\surefire5083491121584270496\surefirebooter9891026256799800258.jar C:\Users\MSI\AppData\Local\Temp\surefire5083491121584270496 2023-03-14T16-00-13_487-jvmRun1 surefire13467096813364409837tmp surefire_08941465142993354271tmp"/>
    <property name="jdk.debug" value="release"/>
    <property name="surefire.test.class.path" value="C:\Users\MSI\Desktop\demo\target\test-classes;C:\Users\MSI\Desktop\demo\target\classes;C:\Users\MSI\.m2\repository\io\micronaut\micronaut-inject\3.8.7\micronaut-inject-3.8.7.jar;C:\Users\MSI\.m2\repository\org\slf4j\slf4j-api\1.7.36\slf4j-api-1.7.36.jar;C:\Users\MSI\.m2\repository\javax\annotation\javax.annotation-api\1.3.2\javax.annotation-api-1.3.2.jar;C:\Users\MSI\.m2\repository\jakarta\inject\jakarta.inject-api\2.0.1\jakarta.inject-api-2.0.1.jar;C:\Users\MSI\.m2\repository\io\micronaut\micronaut-core\3.8.7\micronaut-core-3.8.7.jar;C:\Users\MSI\.m2\repository\org\yaml\snakeyaml\2.0\snakeyaml-2.0.jar;C:\Users\MSI\.m2\repository\io\micronaut\micronaut-validation\3.8.7\micronaut-validation-3.8.7.jar;C:\Users\MSI\.m2\repository\io\micronaut\micronaut-core-reactive\3.8.7\micronaut-core-reactive-3.8.7.jar;C:\Users\MSI\.m2\repository\org\reactivestreams\reactive-streams\1.0.4\reactive-streams-1.0.4.jar;C:\Users\MSI\.m2\repository\javax\validation\validation-api\2.0.1.Final\validation-api-2.0.1.Final.jar;C:\Users\MSI\.m2\repository\io\projectreactor\reactor-core\3.5.0\reactor-core-3.5.0.jar;C:\Users\MSI\.m2\repository\io\micronaut\micronaut-http-client\3.8.7\micronaut-http-client-3.8.7.jar;C:\Users\MSI\.m2\repository\io\micronaut\micronaut-runtime\3.8.7\micronaut-runtime-3.8.7.jar;C:\Users\MSI\.m2\repository\io\micronaut\micronaut-http\3.8.7\micronaut-http-3.8.7.jar;C:\Users\MSI\.m2\repository\io\micronaut\micronaut-aop\3.8.7\micronaut-aop-3.8.7.jar;C:\Users\MSI\.m2\repository\io\micronaut\micronaut-context\3.8.7\micronaut-context-3.8.7.jar;C:\Users\MSI\.m2\repository\io\micronaut\micronaut-http-client-core\3.8.7\micronaut-http-client-core-3.8.7.jar;C:\Users\MSI\.m2\repository\io\micronaut\micronaut-websocket\3.8.7\micronaut-websocket-3.8.7.jar;C:\Users\MSI\.m2\repository\io\micronaut\micronaut-http-netty\3.8.7\micronaut-http-netty-3.8.7.jar;C:\Users\MSI\.m2\repository\io\micronaut\micronaut-buffer-netty\3.8.7\micronaut-buffer-netty-3.8.7.jar;C:\Users\MSI\.m2\repository\io\netty\netty-codec-http\4.1.87.Final\netty-codec-http-4.1.87.Final.jar;C:\Users\MSI\.m2\repository\io\netty\netty-codec-http2\4.1.87.Final\netty-codec-http2-4.1.87.Final.jar;C:\Users\MSI\.m2\repository\io\netty\netty-handler\4.1.87.Final\netty-handler-4.1.87.Final.jar;C:\Users\MSI\.m2\repository\io\netty\netty-resolver\4.1.87.Final\netty-resolver-4.1.87.Final.jar;C:\Users\MSI\.m2\repository\io\netty\netty-transport-native-unix-common\4.1.87.Final\netty-transport-native-unix-common-4.1.87.Final.jar;C:\Users\MSI\.m2\repository\io\netty\netty-handler-proxy\4.1.87.Final\netty-handler-proxy-4.1.87.Final.jar;C:\Users\MSI\.m2\repository\io\netty\netty-common\4.1.87.Final\netty-common-4.1.87.Final.jar;C:\Users\MSI\.m2\repository\io\netty\netty-buffer\4.1.87.Final\netty-buffer-4.1.87.Final.jar;C:\Users\MSI\.m2\repository\io\netty\netty-transport\4.1.87.Final\netty-transport-4.1.87.Final.jar;C:\Users\MSI\.m2\repository\io\netty\netty-codec\4.1.87.Final\netty-codec-4.1.87.Final.jar;C:\Users\MSI\.m2\repository\io\netty\netty-codec-socks\4.1.87.Final\netty-codec-socks-4.1.87.Final.jar;C:\Users\MSI\.m2\repository\info\picocli\picocli\4.6.3\picocli-4.6.3.jar;C:\Users\MSI\.m2\repository\io\micronaut\micronaut-jackson-databind\3.8.7\micronaut-jackson-databind-3.8.7.jar;C:\Users\MSI\.m2\repository\io\micronaut\micronaut-jackson-core\3.8.7\micronaut-jackson-core-3.8.7.jar;C:\Users\MSI\.m2\repository\io\micronaut\micronaut-json-core\3.8.7\micronaut-json-core-3.8.7.jar;C:\Users\MSI\.m2\repository\com\fasterxml\jackson\core\jackson-core\2.14.0\jackson-core-2.14.0.jar;C:\Users\MSI\.m2\repository\com\fasterxml\jackson\core\jackson-annotations\2.14.0\jackson-annotations-2.14.0.jar;C:\Users\MSI\.m2\repository\com\fasterxml\jackson\core\jackson-databind\2.14.1\jackson-databind-2.14.1.jar;C:\Users\MSI\.m2\repository\com\fasterxml\jackson\datatype\jackson-datatype-jdk8\2.14.0\jackson-datatype-jdk8-2.14.0.jar;C:\Users\MSI\.m2\repository\com\fasterxml\jackson\datatype\jackson-datatype-jsr310\2.14.0\jackson-datatype-jsr310-2.14.0.jar;C:\Users\MSI\.m2\repository\io\micronaut\picocli\micronaut-picocli\4.3.0\micronaut-picocli-4.3.0.jar;C:\Users\MSI\.m2\repository\jakarta\annotation\jakarta.annotation-api\2.1.1\jakarta.annotation-api-2.1.1.jar;C:\Users\MSI\.m2\repository\ch\qos\logback\logback-classic\1.2.11\logback-classic-1.2.11.jar;C:\Users\MSI\.m2\repository\ch\qos\logback\logback-core\1.2.11\logback-core-1.2.11.jar;C:\Users\MSI\.m2\repository\io\micronaut\test\micronaut-test-junit5\3.8.2\micronaut-test-junit5-3.8.2.jar;C:\Users\MSI\.m2\repository\io\micronaut\test\micronaut-test-core\3.8.2\micronaut-test-core-3.8.2.jar;C:\Users\MSI\.m2\repository\org\junit\jupiter\junit-jupiter-api\5.9.1\junit-jupiter-api-5.9.1.jar;C:\Users\MSI\.m2\repository\org\opentest4j\opentest4j\1.2.0\opentest4j-1.2.0.jar;C:\Users\MSI\.m2\repository\org\junit\platform\junit-platform-commons\1.9.1\junit-platform-commons-1.9.1.jar;C:\Users\MSI\.m2\repository\org\apiguardian\apiguardian-api\1.1.2\apiguardian-api-1.1.2.jar;C:\Users\MSI\.m2\repository\org\junit\jupiter\junit-jupiter-engine\5.9.1\junit-jupiter-engine-5.9.1.jar;C:\Users\MSI\.m2\repository\org\junit\platform\junit-platform-engine\1.9.1\junit-platform-engine-1.9.1.jar;"/>
    <property name="sun.cpu.endian" value="little"/>
    <property name="user.home" value="C:\Users\MSI"/>
    <property name="user.language" value="en"/>
    <property name="java.specification.vendor" value="Oracle Corporation"/>
    <property name="java.version.date" value="2023-01-17"/>
    <property name="java.home" value="C:\Program Files\Java\jdk-17"/>
    <property name="file.separator" value="\"/>
    <property name="basedir" value="C:\Users\MSI\Desktop\demo"/>
    <property name="java.vm.compressedOopsMode" value="32-bit"/>
    <property name="line.separator" value="&#10;"/>
    <property name="java.vm.specification.vendor" value="Oracle Corporation"/>
    <property name="java.specification.name" value="Java Platform API Specification"/>
    <property name="surefire.real.class.path" value="C:\Users\MSI\AppData\Local\Temp\surefire5083491121584270496\surefirebooter9891026256799800258.jar"/>
    <property name="user.script" value=""/>
    <property name="sun.management.compiler" value="HotSpot 64-Bit Tiered Compilers"/>
    <property name="java.runtime.version" value="17.0.6+9-LTS-190"/>
    <property name="user.name" value="MSI"/>
    <property name="path.separator" value=";"/>
    <property name="os.version" value="10.0"/>
    <property name="java.runtime.name" value="Java(TM) SE Runtime Environment"/>
    <property name="file.encoding" value="Cp1252"/>
    <property name="java.vm.name" value="Java HotSpot(TM) 64-Bit Server VM"/>
    <property name="localRepository" value="C:\Users\MSI\.m2\repository"/>
    <property name="java.vendor.url.bug" value="https://bugreport.java.com/bugreport/"/>
    <property name="java.io.tmpdir" value="C:\Users\MSI\AppData\Local\Temp\"/>
    <property name="java.version" value="17.0.6"/>
    <property name="user.dir" value="C:\Users\MSI\Desktop\demo"/>
    <property name="os.arch" value="amd64"/>
    <property name="java.vm.specification.name" value="Java Virtual Machine Specification"/>
    <property name="sun.os.patch.level" value=""/>
    <property name="native.encoding" value="Cp1252"/>
    <property name="java.library.path" value="C:\Program Files\Java\jdk-17\bin;C:\WINDOWS\Sun\Java\bin;C:\WINDOWS\system32;C:\WINDOWS;C:\Program Files (x86)\VMware\VMware Workstation\bin\;C:\Windows\system32;C:\Windows;C:\Windows\System32\Wbem;C:\Windows\System32\WindowsPowerShell\v1.0\;C:\Program Files (x86)\NVIDIA Corporation\PhysX\Common;C:\Program Files\NVIDIA Corporation\NVIDIA NvDLISR;C:\WINDOWS\system32;C:\WINDOWS;C:\WINDOWS\System32\Wbem;C:\WINDOWS\System32\WindowsPowerShell\v1.0\;C:\WINDOWS\System32\OpenSSH\;C:\Program Files\Java\jdk-17\bin;C:\Program Files\Common Files\Oracle\Java\javapath;C:\Program Files\CodeBlocks\MinGW\bin;C:\Program Files\Git\cmd;C:\src\flutter\bin;C:\xampp\php;C:\Program Files\nodejs\;C:\ProgramData\ComposerSetup\bin;C:\Program Files\Docker\Docker\resources\bin;C:\Program Files\apache-maven-3.9.0\bin;C:\Program Files\micronaut-cli-3.8.7\bin;C:\Users\MSI\scoop\shims;C:\Program Files\CodeBlocks\MinGW\bin;C:\Users\MSI\AppData\Local\Programs\Microsoft VS Code\bin;C:\Users\MSI\AppData\Roaming\npm;C:\Users\MSI\AppData\Roaming\Composer\vendor\bin;C:\Program Files\Java\jdk-17\bin;;."/>
    <property name="java.vm.info" value="mixed mode, sharing"/>
    <property name="java.vendor" value="Oracle Corporation"/>
    <property name="java.vm.version" value="17.0.6+9-LTS-190"/>
    <property name="sun.io.unicode.encoding" value="UnicodeLittle"/>
    <property name="java.class.version" value="61.0"/>
  </properties>
  <testcase name="testWithCommandLineOption" classname="com.example.HelloCommandTest" time="1.575">
    <failure message="expected: &lt;true&gt; but was: &lt;false&gt;" type="org.opentest4j.AssertionFailedError"><![CDATA[org.opentest4j.AssertionFailedError: expected: <true> but was: <false>
	at com.example.HelloCommandTest.testWithCommandLineOption(HelloCommandTest.java:25)
]]></failure>
    <system-err><![CDATA[Unknown option: '-v'
Possible solutions: --version
]]></system-err>
  </testcase>
</testsuite>